<?xml version="1.0" encoding="UTF-8"?>
<testsuite name="master.hashesTest" tests="5" skipped="0" failures="0" errors="0" timestamp="2016-10-20T20:06:45" hostname="DESKTOP-777" time="0.007">
  <properties/>
  <testcase name="getMD5" classname="master.hashesTest" time="0.002"/>
  <testcase name="getSHA1" classname="master.hashesTest" time="0.001"/>
  <testcase name="getSHA256" classname="master.hashesTest" time="0.001"/>
  <testcase name="getSHA384" classname="master.hashesTest" time="0.002"/>
  <testcase name="getSHA512" classname="master.hashesTest" time="0.001"/>
  <system-out><![CDATA[]]></system-out>
  <system-err><![CDATA[]]></system-err>
</testsuite>
