<?xml version="1.0" encoding="UTF-8"?>
<testsuite name="master.hashesSwitchTest" tests="1" skipped="0" failures="0" errors="0" timestamp="2016-10-27T19:03:30" hostname="DESKTOP-777" time="0.013">
  <properties/>
  <testcase name="hashSwitch" classname="master.hashesSwitchTest" time="0.013"/>
  <system-out><![CDATA[]]></system-out>
  <system-err><![CDATA[]]></system-err>
</testsuite>
