<?xml version="1.0" encoding="UTF-8"?>
<testsuite name="master.commonMethodsTest" tests="2" skipped="0" failures="0" errors="0" timestamp="2016-10-20T20:06:45" hostname="DESKTOP-777" time="0.002">
  <properties/>
  <testcase name="getMaxValue" classname="master.commonMethodsTest" time="0.001"/>
  <testcase name="fillLeftZeros" classname="master.commonMethodsTest" time="0.0"/>
  <system-out><![CDATA[]]></system-out>
  <system-err><![CDATA[]]></system-err>
</testsuite>
